2024-06-25 12:09:51 - ERROR - PROCEDURE bd_veterinaria.registrarCategoria does not exist
2024-06-25 12:09:51 - ERROR - SQLException: java.sql.SQLSyntaxErrorException: PROCEDURE bd_veterinaria.registrarCategoria does not exist
2024-06-28 04:46:56 - ERROR - Field 'fecha' doesn't have a default value
2024-06-28 04:49:05 - ERROR - Generated keys not requested. You need to specify Statement.RETURN_GENERATED_KEYS to Statement.executeUpdate(), Statement.executeLargeUpdate() or Connection.prepareStatement().
2024-06-28 06:02:12 - ERROR - Can not issue executeUpdate() or executeLargeUpdate() with statements that produce result sets
2024-06-28 06:45:37 - ERROR - Unknown column 'estad' in 'field list'
2024-06-28 11:44:33 - ERROR - Field 'fecha' doesn't have a default value
2024-06-28 11:46:09 - ERROR - Field 'fecha' doesn't have a default value
2024-07-03 02:39:29 - ERROR - No se puede crear a la mascota porque ya existe uno con su mismo codigo
2024-07-03 03:26:55 - ERROR - No se puede crear a la mascota porque ya existe uno con su mismo codigo
2024-07-03 03:41:28 - ERROR - No se puede crear a la mascota porque ya existe uno con su mismo codigo
2024-07-03 10:38:33 - ERROR - Column 'email' cannot be null
2024-07-03 10:38:33 - ERROR - SQLException: java.sql.SQLIntegrityConstraintViolationException: Column 'email' cannot be null
2024-07-03 10:38:33 - ERROR - Cannot add or update a child row: a foreign key constraint fails (`bd_veterinaria`.`trabajador`, CONSTRAINT `trabajador_ibfk_1` FOREIGN KEY (`usuario_id`) REFERENCES `usuario` (`id`))
2024-07-03 10:38:33 - ERROR - SQLException: java.sql.SQLIntegrityConstraintViolationException: Cannot add or update a child row: a foreign key constraint fails (`bd_veterinaria`.`trabajador`, CONSTRAINT `trabajador_ibfk_1` FOREIGN KEY (`usuario_id`) REFERENCES `usuario` (`id`))
2024-07-03 10:42:20 - ERROR - Column 'password' cannot be null
2024-07-03 10:42:20 - ERROR - SQLException: java.sql.SQLIntegrityConstraintViolationException: Column 'password' cannot be null
2024-07-03 10:42:20 - ERROR - Cannot add or update a child row: a foreign key constraint fails (`bd_veterinaria`.`trabajador`, CONSTRAINT `trabajador_ibfk_1` FOREIGN KEY (`usuario_id`) REFERENCES `usuario` (`id`))
2024-07-03 10:42:20 - ERROR - SQLException: java.sql.SQLIntegrityConstraintViolationException: Cannot add or update a child row: a foreign key constraint fails (`bd_veterinaria`.`trabajador`, CONSTRAINT `trabajador_ibfk_1` FOREIGN KEY (`usuario_id`) REFERENCES `usuario` (`id`))
2024-07-03 10:42:32 - ERROR - Column 'password' cannot be null
2024-07-03 10:42:32 - ERROR - SQLException: java.sql.SQLIntegrityConstraintViolationException: Column 'password' cannot be null
2024-07-03 10:42:32 - ERROR - Cannot add or update a child row: a foreign key constraint fails (`bd_veterinaria`.`trabajador`, CONSTRAINT `trabajador_ibfk_1` FOREIGN KEY (`usuario_id`) REFERENCES `usuario` (`id`))
2024-07-03 10:42:32 - ERROR - SQLException: java.sql.SQLIntegrityConstraintViolationException: Cannot add or update a child row: a foreign key constraint fails (`bd_veterinaria`.`trabajador`, CONSTRAINT `trabajador_ibfk_1` FOREIGN KEY (`usuario_id`) REFERENCES `usuario` (`id`))
2024-07-04 06:50:41 - ERROR - Parameter index of 4 is out of range (1, 3)
2024-07-04 06:50:41 - ERROR - SQLException: java.sql.SQLException: Parameter index of 4 is out of range (1, 3)
2024-07-04 06:50:41 - ERROR - Cannot add or update a child row: a foreign key constraint fails (`bd_veterinaria`.`trabajador`, CONSTRAINT `trabajador_ibfk_1` FOREIGN KEY (`usuario_id`) REFERENCES `usuario` (`id`))
2024-07-04 06:50:41 - ERROR - SQLException: java.sql.SQLIntegrityConstraintViolationException: Cannot add or update a child row: a foreign key constraint fails (`bd_veterinaria`.`trabajador`, CONSTRAINT `trabajador_ibfk_1` FOREIGN KEY (`usuario_id`) REFERENCES `usuario` (`id`))
2024-07-04 07:27:05 - ERROR - Column 'password' cannot be null
2024-07-04 07:27:05 - ERROR - SQLException: java.sql.SQLIntegrityConstraintViolationException: Column 'password' cannot be null
2024-07-04 07:27:05 - ERROR - Cannot add or update a child row: a foreign key constraint fails (`bd_veterinaria`.`trabajador`, CONSTRAINT `trabajador_ibfk_1` FOREIGN KEY (`usuario_id`) REFERENCES `usuario` (`id`))
2024-07-04 07:27:05 - ERROR - SQLException: java.sql.SQLIntegrityConstraintViolationException: Cannot add or update a child row: a foreign key constraint fails (`bd_veterinaria`.`trabajador`, CONSTRAINT `trabajador_ibfk_1` FOREIGN KEY (`usuario_id`) REFERENCES `usuario` (`id`))
2024-07-04 07:29:42 - ERROR - Cannot add or update a child row: a foreign key constraint fails (`bd_veterinaria`.`trabajador`, CONSTRAINT `trabajador_ibfk_1` FOREIGN KEY (`usuario_id`) REFERENCES `usuario` (`id`))
2024-07-04 07:29:42 - ERROR - SQLException: java.sql.SQLIntegrityConstraintViolationException: Cannot add or update a child row: a foreign key constraint fails (`bd_veterinaria`.`trabajador`, CONSTRAINT `trabajador_ibfk_1` FOREIGN KEY (`usuario_id`) REFERENCES `usuario` (`id`))
2024-07-04 07:48:03 - ERROR - Data truncation: Data too long for column 'p_celular' at row 1
2024-07-04 07:48:03 - ERROR - SQLException: com.mysql.cj.jdbc.exceptions.MysqlDataTruncation: Data truncation: Data too long for column 'p_celular' at row 1
2024-07-04 07:48:19 - ERROR - Column 'estado' cannot be null
2024-07-04 07:48:19 - ERROR - SQLException: java.sql.SQLIntegrityConstraintViolationException: Column 'estado' cannot be null
2024-07-04 07:49:35 - ERROR - Cannot add or update a child row: a foreign key constraint fails (`bd_veterinaria`.`trabajador`, CONSTRAINT `trabajador_ibfk_1` FOREIGN KEY (`usuario_id`) REFERENCES `usuario` (`id`))
2024-07-04 07:49:35 - ERROR - SQLException: java.sql.SQLIntegrityConstraintViolationException: Cannot add or update a child row: a foreign key constraint fails (`bd_veterinaria`.`trabajador`, CONSTRAINT `trabajador_ibfk_1` FOREIGN KEY (`usuario_id`) REFERENCES `usuario` (`id`))
2024-07-05 12:54:10 - ERROR - SQLException: java.sql.SQLException: Parameter 4 is not registered as an output parameter
2024-07-05 12:54:22 - ERROR - SQLException: java.sql.SQLException: Parameter 4 is not registered as an output parameter
2024-07-05 12:54:33 - ERROR - SQLException: java.sql.SQLException: Parameter 4 is not registered as an output parameter
2024-07-05 01:12:04 - ERROR - Incorrect number of arguments for PROCEDURE bd_veterinaria.registrarCliente; expected 7, got 6
2024-07-05 01:12:04 - ERROR - SQLException: java.sql.SQLSyntaxErrorException: Incorrect number of arguments for PROCEDURE bd_veterinaria.registrarCliente; expected 7, got 6
2024-07-05 01:19:32 - ERROR - Incorrect number of arguments for PROCEDURE bd_veterinaria.registrarCliente; expected 7, got 6
2024-07-05 01:19:32 - ERROR - SQLException: java.sql.SQLSyntaxErrorException: Incorrect number of arguments for PROCEDURE bd_veterinaria.registrarCliente; expected 7, got 6
2024-07-05 01:27:28 - ERROR - Data truncation: Data too long for column 'p_celular' at row 1
2024-07-05 01:27:28 - ERROR - SQLException: com.mysql.cj.jdbc.exceptions.MysqlDataTruncation: Data truncation: Data too long for column 'p_celular' at row 1
2024-07-05 01:32:10 - ERROR - Data truncation: Data too long for column 'p_celular' at row 1
2024-07-05 01:32:10 - ERROR - SQLException: com.mysql.cj.jdbc.exceptions.MysqlDataTruncation: Data truncation: Data too long for column 'p_celular' at row 1
2024-07-05 01:33:12 - ERROR - Cannot add or update a child row: a foreign key constraint fails (`bd_veterinaria`.`cliente`, CONSTRAINT `cliente_ibfk_1` FOREIGN KEY (`usuario_id`) REFERENCES `usuario` (`id`))
2024-07-05 01:33:12 - ERROR - SQLException: java.sql.SQLIntegrityConstraintViolationException: Cannot add or update a child row: a foreign key constraint fails (`bd_veterinaria`.`cliente`, CONSTRAINT `cliente_ibfk_1` FOREIGN KEY (`usuario_id`) REFERENCES `usuario` (`id`))
2024-07-05 01:34:42 - ERROR - Cannot add or update a child row: a foreign key constraint fails (`bd_veterinaria`.`cliente`, CONSTRAINT `cliente_ibfk_2` FOREIGN KEY (`codigo_mascota`) REFERENCES `mascota` (`codigo`))
2024-07-05 01:34:42 - ERROR - SQLException: java.sql.SQLIntegrityConstraintViolationException: Cannot add or update a child row: a foreign key constraint fails (`bd_veterinaria`.`cliente`, CONSTRAINT `cliente_ibfk_2` FOREIGN KEY (`codigo_mascota`) REFERENCES `mascota` (`codigo`))
2024-07-05 01:41:18 - ERROR - Incorrect integer value: 'dsf' for column 'p_codigo_mascota' at row 1
2024-07-05 01:41:18 - ERROR - SQLException: java.sql.SQLException: Incorrect integer value: 'dsf' for column 'p_codigo_mascota' at row 1
2024-07-05 01:49:11 - ERROR - Incorrect integer value: 'dsf' for column 'p_codigo_mascota' at row 1
2024-07-05 01:49:11 - ERROR - SQLException: java.sql.SQLException: Incorrect integer value: 'dsf' for column 'p_codigo_mascota' at row 1
2024-07-05 01:54:08 - ERROR - Data truncated for column 'p_codigo_mascota' at row 1
2024-07-05 01:54:08 - ERROR - SQLException: java.sql.SQLException: Data truncated for column 'p_codigo_mascota' at row 1
2024-07-05 01:55:17 - ERROR - Incorrect integer value: 'a' for column 'p_codigo_mascota' at row 1
2024-07-05 01:55:17 - ERROR - SQLException: java.sql.SQLException: Incorrect integer value: 'a' for column 'p_codigo_mascota' at row 1
2024-07-05 07:31:47 - ERROR - Parameter number 7 is not an OUT parameter
2024-07-05 07:31:47 - ERROR - SQLException: java.sql.SQLException: Parameter number 7 is not an OUT parameter
2024-07-05 07:31:47 - ERROR - Parameter number 7 is not an OUT parameter
2024-07-05 07:31:47 - ERROR - SQLException: java.sql.SQLException: Parameter number 7 is not an OUT parameter
2024-07-05 07:36:26 - ERROR - Table 'bd_veterinaria.mascotas' doesn't exist
2024-07-05 07:36:26 - ERROR - SQLException: java.sql.SQLSyntaxErrorException: Table 'bd_veterinaria.mascotas' doesn't exist
2024-07-05 07:36:26 - ERROR - Table 'bd_veterinaria.mascotas' doesn't exist
2024-07-05 07:36:26 - ERROR - SQLException: java.sql.SQLSyntaxErrorException: Table 'bd_veterinaria.mascotas' doesn't exist
2024-07-05 07:37:33 - ERROR - Data truncated for column 'edad' at row 1
2024-07-05 07:37:33 - ERROR - SQLException: java.sql.SQLException: Data truncated for column 'edad' at row 1
2024-07-05 07:37:33 - ERROR - Data truncated for column 'edad' at row 1
2024-07-05 07:37:33 - ERROR - SQLException: java.sql.SQLException: Data truncated for column 'edad' at row 1
